<testsuites id="" name="" tests="4" failures="1" skipped="0" errors="0" time="7.783804">
<testsuite name="linkedin-login-test.spec.ts" timestamp="2025-09-09T04:56:32.630Z" hostname="chromium" tests="4" failures="1" skipped="0" time="12.65" errors="0">
<testcase name="LinkedIn 로그인 테스트 › LinkedIn 로그인 버튼이 존재하고 클릭 가능한지 확인" classname="linkedin-login-test.spec.ts" time="2.909">
</testcase>
<testcase name="LinkedIn 로그인 테스트 › LinkedIn 로그인 버튼 클릭 시 로딩 상태 확인" classname="linkedin-login-test.spec.ts" time="3.914">
<failure message="linkedin-login-test.spec.ts:22:7 LinkedIn 로그인 버튼 클릭 시 로딩 상태 확인" type="FAILURE">
<![CDATA[  [chromium] › linkedin-login-test.spec.ts:22:7 › LinkedIn 로그인 테스트 › LinkedIn 로그인 버튼 클릭 시 로딩 상태 확인 ─

    Error: expect(received).toBeGreaterThan(expected)

    Expected: > 0
    Received:   0

      48 |     
      49 |     // LinkedIn 관련 로그가 있는지 확인
    > 50 |     expect(consoleLogs.length).toBeGreaterThan(0)
         |                                ^
      51 |   })
      52 |
      53 |   test('LinkedIn 로그인과 데모 로그인 버튼이 모두 존재하는지 확인', async ({ page }) => {
        at /Users/kakaogames/mento/tests/linkedin-login-test.spec.ts:50:32

    attachment #1: screenshot (image/png) ──────────────────────────────────────────────────────────
    ../test-results/linkedin-login-test-Linked-fd46f-nkedIn-로그인-버튼-클릭-시-로딩-상태-확인-chromium/test-failed-1.png
    ────────────────────────────────────────────────────────────────────────────────────────────────

    attachment #2: video (video/webm) ──────────────────────────────────────────────────────────────
    ../test-results/linkedin-login-test-Linked-fd46f-nkedIn-로그인-버튼-클릭-시-로딩-상태-확인-chromium/video.webm
    ────────────────────────────────────────────────────────────────────────────────────────────────

    Error Context: ../test-results/linkedin-login-test-Linked-fd46f-nkedIn-로그인-버튼-클릭-시-로딩-상태-확인-chromium/error-context.md
]]>
</failure>
<system-out>
<![CDATA[현재 URL: https://www.linkedin.com/oauth/v2/authorization?client_id=869opboyzlkrhb&scope=openid%20profile%20email&response_type=code&redirect_uri=http%3A%2F%2Flocalhost%3A3000%2Fapi%2Fauth%2Fcallback%2Flinkedin&state=-JHjeKuEBKHq6AtpkGavzh0z0y5nCS-z3XIk3NhHj0c

[[ATTACHMENT|../test-results/linkedin-login-test-Linked-fd46f-nkedIn-로그인-버튼-클릭-시-로딩-상태-확인-chromium/test-failed-1.png]]

[[ATTACHMENT|../test-results/linkedin-login-test-Linked-fd46f-nkedIn-로그인-버튼-클릭-시-로딩-상태-확인-chromium/video.webm]]

[[ATTACHMENT|../test-results/linkedin-login-test-Linked-fd46f-nkedIn-로그인-버튼-클릭-시-로딩-상태-확인-chromium/error-context.md]]
]]>
</system-out>
</testcase>
<testcase name="LinkedIn 로그인 테스트 › LinkedIn 로그인과 데모 로그인 버튼이 모두 존재하는지 확인" classname="linkedin-login-test.spec.ts" time="2.914">
</testcase>
<testcase name="LinkedIn 로그인 테스트 › LinkedIn 로그인 버튼 스타일 확인" classname="linkedin-login-test.spec.ts" time="2.913">
<system-out>
<![CDATA[LinkedIn 버튼 배경색: rgb(0, 119, 181)
]]>
</system-out>
</testcase>
</testsuite>
</testsuites>