<testsuites id="" name="" tests="6" failures="1" skipped="0" errors="0" time="8.939715">
<testsuite name="linkedin-production-test.spec.ts" timestamp="2025-09-09T10:33:21.673Z" hostname="chromium" tests="6" failures="1" skipped="0" time="26.959" errors="0">
<testcase name="LinkedIn 로그인 프로덕션 환경 테스트 › 실제 서버에서 LinkedIn 로그인 버튼 확인" classname="linkedin-production-test.spec.ts" time="4.732">
<system-out>
<![CDATA[✅ 실제 서버에서 LinkedIn 로그인 버튼 확인됨
]]>
</system-out>
</testcase>
<testcase name="LinkedIn 로그인 프로덕션 환경 테스트 › 실제 서버에서 LinkedIn OAuth 플로우 테스트" classname="linkedin-production-test.spec.ts" time="7.778">
<system-out>
<![CDATA[현재 URL: https://www.linkedin.com/uas/login?session_redirect=%2Foauth%2Fv2%2Flogin-success%3Fapp_id%3D225094268%26auth_type%3DAC%26flow%3D%257B%2522state%2522%253A%25224gfshvVA086BUkbQRFDiqEM80VrwupdSjLEMy1gHk1g%2522%252C%2522creationTime%2522%253A1757414008154%252C%2522appId%2522%253A225094268%252C%2522scope%2522%253A%2522openid%2Bprofile%2Bemail%2522%252C%2522authorizationType%2522%253A%2522OAUTH2_AUTHORIZATION_CODE%2522%252C%2522redirectUri%2522%253A%2522https%253A%252F%252Fmento-five.vercel.app%252Fapi%252Fauth%252Fcallback%252Flinkedin%2522%252C%2522currentStage%2522%253A%2522LOGIN_SUCCESS%2522%252C%2522currentSubStage%2522%253A0%252C%2522authFlowName%2522%253A%2522generic-permission-list%2522%257D&fromSignIn=1&trk=oauth&cancel_redirect=%2Foauth%2Fv2%2Flogin-cancel%3Fapp_id%3D225094268%26auth_type%3DAC%26flow%3D%257B%2522state%2522%253A%25224gfshvVA086BUkbQRFDiqEM80VrwupdSjLEMy1gHk1g%2522%252C%2522creationTime%2522%253A1757414008154%252C%2522appId%2522%253A225094268%252C%2522scope%2522%253A%2522openid%2Bprofile%2Bemail%2522%252C%2522authorizationType%2522%253A%2522OAUTH2_AUTHORIZATION_CODE%2522%252C%2522redirectUri%2522%253A%2522https%253A%252F%252Fmento-five.vercel.app%252Fapi%252Fauth%252Fcallback%252Flinkedin%2522%252C%2522currentStage%2522%253A%2522LOGIN_SUCCESS%2522%252C%2522currentSubStage%2522%253A0%252C%2522authFlowName%2522%253A%2522generic-permission-list%2522%257D
❌ LinkedIn OAuth 페이지로 리다이렉트되지 않음
현재 URL: https://www.linkedin.com/uas/login?session_redirect=%2Foauth%2Fv2%2Flogin-success%3Fapp_id%3D225094268%26auth_type%3DAC%26flow%3D%257B%2522state%2522%253A%25224gfshvVA086BUkbQRFDiqEM80VrwupdSjLEMy1gHk1g%2522%252C%2522creationTime%2522%253A1757414008154%252C%2522appId%2522%253A225094268%252C%2522scope%2522%253A%2522openid%2Bprofile%2Bemail%2522%252C%2522authorizationType%2522%253A%2522OAUTH2_AUTHORIZATION_CODE%2522%252C%2522redirectUri%2522%253A%2522https%253A%252F%252Fmento-five.vercel.app%252Fapi%252Fauth%252Fcallback%252Flinkedin%2522%252C%2522currentStage%2522%253A%2522LOGIN_SUCCESS%2522%252C%2522currentSubStage%2522%253A0%252C%2522authFlowName%2522%253A%2522generic-permission-list%2522%257D&fromSignIn=1&trk=oauth&cancel_redirect=%2Foauth%2Fv2%2Flogin-cancel%3Fapp_id%3D225094268%26auth_type%3DAC%26flow%3D%257B%2522state%2522%253A%25224gfshvVA086BUkbQRFDiqEM80VrwupdSjLEMy1gHk1g%2522%252C%2522creationTime%2522%253A1757414008154%252C%2522appId%2522%253A225094268%252C%2522scope%2522%253A%2522openid%2Bprofile%2Bemail%2522%252C%2522authorizationType%2522%253A%2522OAUTH2_AUTHORIZATION_CODE%2522%252C%2522redirectUri%2522%253A%2522https%253A%252F%252Fmento-five.vercel.app%252Fapi%252Fauth%252Fcallback%252Flinkedin%2522%252C%2522currentStage%2522%253A%2522LOGIN_SUCCESS%2522%252C%2522currentSubStage%2522%253A0%252C%2522authFlowName%2522%253A%2522generic-permission-list%2522%257D
]]>
</system-out>
</testcase>
<testcase name="LinkedIn 로그인 프로덕션 환경 테스트 › 실제 서버에서 홈페이지 로그인/로그아웃 버튼 확인" classname="linkedin-production-test.spec.ts" time="1.949">
<failure message="linkedin-production-test.spec.ts:68:7 실제 서버에서 홈페이지 로그인/로그아웃 버튼 확인" type="FAILURE">
<![CDATA[  [chromium] › linkedin-production-test.spec.ts:68:7 › LinkedIn 로그인 프로덕션 환경 테스트 › 실제 서버에서 홈페이지 로그인/로그아웃 버튼 확인 

    Error: expect.toBeVisible: Error: strict mode violation: locator('button:has-text("시작하기")') resolved to 2 elements:
        1) <button class="bg-white text-purple-600 hover:bg-white/90 rounded-full px-6 py-2 font-medium transition-colors">시작하기</button> aka getByRole('button', { name: '시작하기', exact: true })
        2) <button class="bg-white text-purple-600 hover:bg-white/90 rounded-full px-8 py-4 text-lg font-semibold shadow-lg transition-colors">…</button> aka getByRole('button', { name: '무료로 시작하기' })

    Call log:
      - Expect "toBeVisible" with timeout 5000ms
      - waiting for locator('button:has-text("시작하기")')


      79 |     // 시작하기 버튼도 확인
      80 |     const startButton = page.locator('button:has-text("시작하기")')
    > 81 |     await expect(startButton).toBeVisible()
         |                               ^
      82 |     
      83 |     console.log('✅ 실제 서버 홈페이지에서 시작하기 버튼 확인됨')
      84 |   })
        at /Users/kakaogames/mento/tests/linkedin-production-test.spec.ts:81:31

    attachment #1: screenshot (image/png) ──────────────────────────────────────────────────────────
    ../test-results/linkedin-production-test-L-4a5dc-실제-서버에서-홈페이지-로그인-로그아웃-버튼-확인-chromium/test-failed-1.png
    ────────────────────────────────────────────────────────────────────────────────────────────────

    attachment #2: video (video/webm) ──────────────────────────────────────────────────────────────
    ../test-results/linkedin-production-test-L-4a5dc-실제-서버에서-홈페이지-로그인-로그아웃-버튼-확인-chromium/video.webm
    ────────────────────────────────────────────────────────────────────────────────────────────────

    Error Context: ../test-results/linkedin-production-test-L-4a5dc-실제-서버에서-홈페이지-로그인-로그아웃-버튼-확인-chromium/error-context.md
]]>
</failure>
<system-out>
<![CDATA[✅ 실제 서버 홈페이지에서 로그인 버튼 확인됨

[[ATTACHMENT|../test-results/linkedin-production-test-L-4a5dc-실제-서버에서-홈페이지-로그인-로그아웃-버튼-확인-chromium/test-failed-1.png]]

[[ATTACHMENT|../test-results/linkedin-production-test-L-4a5dc-실제-서버에서-홈페이지-로그인-로그아웃-버튼-확인-chromium/video.webm]]

[[ATTACHMENT|../test-results/linkedin-production-test-L-4a5dc-실제-서버에서-홈페이지-로그인-로그아웃-버튼-확인-chromium/error-context.md]]
]]>
</system-out>
</testcase>
<testcase name="LinkedIn 로그인 프로덕션 환경 테스트 › 실제 서버에서 데모 로그인 테스트" classname="linkedin-production-test.spec.ts" time="3.388">
<system-out>
<![CDATA[데모 로그인 후 URL: https://mento-five.vercel.app/questions
✅ 실제 서버에서 데모 로그인 성공 및 질문 페이지 리다이렉트 확인됨
]]>
</system-out>
</testcase>
<testcase name="LinkedIn 로그인 프로덕션 환경 테스트 › 실제 서버에서 LinkedIn 로그인 버튼 스타일링 확인" classname="linkedin-production-test.spec.ts" time="4.728">
<system-out>
<![CDATA[실제 서버 LinkedIn 버튼 배경색: rgb(0, 119, 181)
✅ 실제 서버에서 LinkedIn 버튼 스타일링 확인됨
]]>
</system-out>
</testcase>
<testcase name="LinkedIn 로그인 프로덕션 환경 테스트 › 실제 서버에서 환경 변수 설정 확인" classname="linkedin-production-test.spec.ts" time="4.384">
<system-out>
<![CDATA[❌ LinkedIn OAuth 페이지로 리다이렉트되지 않음
]]>
</system-out>
</testcase>
</testsuite>
</testsuites>