<testsuites id="" name="" tests="4" failures="4" skipped="0" errors="0" time="31.879089">
<testsuite name="demo-login-flow.spec.ts" timestamp="2025-09-23T11:31:58.030Z" hostname="chromium" tests="4" failures="4" skipped="0" time="112.54" errors="0">
<testcase name="데모 로그인 전체 플로우 테스트 › 1. 데모 로그인 성공 처리" classname="demo-login-flow.spec.ts" time="30.834">
<failure message="demo-login-flow.spec.ts:4:7 1. 데모 로그인 성공 처리" type="FAILURE">
<![CDATA[  [chromium] › demo-login-flow.spec.ts:4:7 › 데모 로그인 전체 플로우 테스트 › 1. 데모 로그인 성공 처리 ───────────────────

    Test timeout of 30000ms exceeded.

    Error: page.waitForURL: Test timeout of 30000ms exceeded.
    =========================== logs ===========================
    waiting for navigation to "/questions" until "load"
    ============================================================

      16 |     
      17 |     // 3. 로그인 후 질문 목록 페이지로 이동 확인
    > 18 |     await page.waitForURL('/questions')
         |                ^
      19 |     console.log('✅ 3. 질문 목록 페이지로 이동 완료')
      20 |     
      21 |     // 로그인 상태 확인 - 질문 작성 버튼이 보여야 함 (더 구체적인 선택자 사용)
        at /Users/kakaogames/mento/tests/demo-login-flow.spec.ts:18:16

    attachment #1: screenshot (image/png) ──────────────────────────────────────────────────────────
    ../test-results/demo-login-flow-데모-로그인-전체-플로우-테스트-1-데모-로그인-성공-처리-chromium/test-failed-1.png
    ────────────────────────────────────────────────────────────────────────────────────────────────

    attachment #2: video (video/webm) ──────────────────────────────────────────────────────────────
    ../test-results/demo-login-flow-데모-로그인-전체-플로우-테스트-1-데모-로그인-성공-처리-chromium/video.webm
    ────────────────────────────────────────────────────────────────────────────────────────────────

    Error Context: ../test-results/demo-login-flow-데모-로그인-전체-플로우-테스트-1-데모-로그인-성공-처리-chromium/error-context.md
]]>
</failure>
<system-out>
<![CDATA[🚀 데모 로그인 성공 테스트 시작
✅ 1. 로그인 페이지 접근 완료
✅ 2. 데모 로그인 완료

[[ATTACHMENT|../test-results/demo-login-flow-데모-로그인-전체-플로우-테스트-1-데모-로그인-성공-처리-chromium/test-failed-1.png]]

[[ATTACHMENT|../test-results/demo-login-flow-데모-로그인-전체-플로우-테스트-1-데모-로그인-성공-처리-chromium/video.webm]]

[[ATTACHMENT|../test-results/demo-login-flow-데모-로그인-전체-플로우-테스트-1-데모-로그인-성공-처리-chromium/error-context.md]]
]]>
</system-out>
</testcase>
<testcase name="데모 로그인 전체 플로우 테스트 › 2. 데모 로그인 후 질문 작성 페이지 접근" classname="demo-login-flow.spec.ts" time="30.826">
<failure message="demo-login-flow.spec.ts:30:7 2. 데모 로그인 후 질문 작성 페이지 접근" type="FAILURE">
<![CDATA[  [chromium] › demo-login-flow.spec.ts:30:7 › 데모 로그인 전체 플로우 테스트 › 2. 데모 로그인 후 질문 작성 페이지 접근 ─────────

    Test timeout of 30000ms exceeded.

    Error: page.waitForURL: Test timeout of 30000ms exceeded.
    =========================== logs ===========================
    waiting for navigation to "/questions" until "load"
    ============================================================

      41 |     
      42 |     // 3. 질문 목록 페이지에서 질문 작성 버튼 클릭
    > 43 |     await page.waitForURL('/questions')
         |                ^
      44 |     const createButton = page.getByRole('button', { name: '질문 작성' }).first()
      45 |     await createButton.click()
      46 |     console.log('✅ 3. 질문 작성 버튼 클릭 완료')
        at /Users/kakaogames/mento/tests/demo-login-flow.spec.ts:43:16

    attachment #1: screenshot (image/png) ──────────────────────────────────────────────────────────
    ../test-results/demo-login-flow-데모-로그인-전체-플로우-테스트-2-데모-로그인-후-질문-작성-페이지-접근-chromium/test-failed-1.png
    ────────────────────────────────────────────────────────────────────────────────────────────────

    attachment #2: video (video/webm) ──────────────────────────────────────────────────────────────
    ../test-results/demo-login-flow-데모-로그인-전체-플로우-테스트-2-데모-로그인-후-질문-작성-페이지-접근-chromium/video.webm
    ────────────────────────────────────────────────────────────────────────────────────────────────

    Error Context: ../test-results/demo-login-flow-데모-로그인-전체-플로우-테스트-2-데모-로그인-후-질문-작성-페이지-접근-chromium/error-context.md
]]>
</failure>
<system-out>
<![CDATA[🚀 질문 작성 페이지 접근 테스트 시작
✅ 1. 로그인 페이지 접근 완료
✅ 2. 데모 로그인 완료

[[ATTACHMENT|../test-results/demo-login-flow-데모-로그인-전체-플로우-테스트-2-데모-로그인-후-질문-작성-페이지-접근-chromium/test-failed-1.png]]

[[ATTACHMENT|../test-results/demo-login-flow-데모-로그인-전체-플로우-테스트-2-데모-로그인-후-질문-작성-페이지-접근-chromium/video.webm]]

[[ATTACHMENT|../test-results/demo-login-flow-데모-로그인-전체-플로우-테스트-2-데모-로그인-후-질문-작성-페이지-접근-chromium/error-context.md]]
]]>
</system-out>
</testcase>
<testcase name="데모 로그인 전체 플로우 테스트 › 3. 데모 로그인 상태에서 질문 작성 및 등록" classname="demo-login-flow.spec.ts" time="19.996">
<failure message="demo-login-flow.spec.ts:71:7 3. 데모 로그인 상태에서 질문 작성 및 등록" type="FAILURE">
<![CDATA[  [chromium] › demo-login-flow.spec.ts:71:7 › 데모 로그인 전체 플로우 테스트 › 3. 데모 로그인 상태에서 질문 작성 및 등록 ────────

    Error: expect(locator).toBeVisible() failed

    Locator:  locator('#title')
    Expected: visible
    Received: <element(s) not found>
    Timeout:  15000ms

    Call log:
      - Expect "toBeVisible" with timeout 15000ms
      - waiting for locator('#title')


       96 |       
       97 |       // 요소가 완전히 로드될 때까지 대기 (더 긴 타임아웃)
    >  98 |       await expect(titleInput).toBeVisible({ timeout: 15000 })
          |                                ^
       99 |       await expect(contentTextarea).toBeVisible({ timeout: 15000 })
      100 |       
      101 |       await titleInput.fill(testTitle)
        at /Users/kakaogames/mento/tests/demo-login-flow.spec.ts:98:32

    attachment #1: screenshot (image/png) ──────────────────────────────────────────────────────────
    ../test-results/demo-login-flow-데모-로그인-전체-플로우-테스트-3-데모-로그인-상태에서-질문-작성-및-등록-chromium/test-failed-1.png
    ────────────────────────────────────────────────────────────────────────────────────────────────

    attachment #2: video (video/webm) ──────────────────────────────────────────────────────────────
    ../test-results/demo-login-flow-데모-로그인-전체-플로우-테스트-3-데모-로그인-상태에서-질문-작성-및-등록-chromium/video.webm
    ────────────────────────────────────────────────────────────────────────────────────────────────

    Error Context: ../test-results/demo-login-flow-데모-로그인-전체-플로우-테스트-3-데모-로그인-상태에서-질문-작성-및-등록-chromium/error-context.md
]]>
</failure>
<system-out>
<![CDATA[🚀 질문 작성 및 등록 테스트 시작
✅ 1. 로그인 페이지 접근 완료
✅ 2. 데모 로그인 완료
✅ 3. 질문 작성 페이지 접근 완료

[[ATTACHMENT|../test-results/demo-login-flow-데모-로그인-전체-플로우-테스트-3-데모-로그인-상태에서-질문-작성-및-등록-chromium/test-failed-1.png]]

[[ATTACHMENT|../test-results/demo-login-flow-데모-로그인-전체-플로우-테스트-3-데모-로그인-상태에서-질문-작성-및-등록-chromium/video.webm]]

[[ATTACHMENT|../test-results/demo-login-flow-데모-로그인-전체-플로우-테스트-3-데모-로그인-상태에서-질문-작성-및-등록-chromium/error-context.md]]
]]>
</system-out>
<system-err>
<![CDATA[테스트 실패: ExpectError: [2mexpect([22m[31mlocator[39m[2m).[22mtoBeVisible[2m()[22m failed

Locator:  locator('#title')
Expected: visible
Received: <element(s) not found>
Timeout:  15000ms

Call log:
[2m  - Expect "toBeVisible" with timeout 15000ms[22m
[2m  - waiting for locator('#title')[22m

    at [90m/Users/kakaogames/mento/[39mtests/demo-login-flow.spec.ts:98:32 {
  matcherResult: {
    message: [32m'\x1B[2mexpect(\x1B[22m\x1B[31mlocator\x1B[39m\x1B[2m).\x1B[22mtoBeVisible\x1B[2m()\x1B[22m failed\n'[39m +
      [32m'\n'[39m +
      [32m"Locator:  locator('#title')\n"[39m +
      [32m'Expected: visible\n'[39m +
      [32m'Received: <element(s) not found>\n'[39m +
      [32m'Timeout:  15000ms\n'[39m +
      [32m'\n'[39m +
      [32m'Call log:\n'[39m +
      [32m'\x1B[2m  - Expect "toBeVisible" with timeout 15000ms\x1B[22m\n'[39m +
      [32m"\x1B[2m  - waiting for locator('#title')\x1B[22m\n"[39m,
    pass: [33mfalse[39m,
    actual: [32m'<element(s) not found>'[39m,
    name: [32m'toBeVisible'[39m,
    expected: [32m'visible'[39m,
    log: [
      [32m'  - Expect "toBeVisible" with timeout 15000ms'[39m,
      [32m"  - waiting for locator('#title')"[39m
    ],
    timeout: [33m15000[39m
  },
  [32mSymbol(step)[39m: {
    category: [32m'expect'[39m,
    apiName: [32m'expect.toBeVisible'[39m,
    title: [32m'Expect "toBeVisible"'[39m,
    params: { expected: [36m[Object][39m },
    infectParentStepsWithError: [90mundefined[39m,
    stepId: [32m'expect@39'[39m,
    group: [90mundefined[39m,
    boxedStack: [90mundefined[39m,
    location: {
      file: [32m'/Users/kakaogames/mento/tests/demo-login-flow.spec.ts'[39m,
      line: [33m98[39m,
      column: [33m32[39m
    },
    steps: [],
    attachmentIndices: [],
    info: TestStepInfoImpl {
      annotations: [],
      _testInfo: [36m[TestInfoImpl][39m,
      _stepId: [32m'expect@39'[39m,
      _title: [32m'Expect "toBeVisible"'[39m,
      _parentStep: [90mundefined[39m,
      skip: [36m[Function (anonymous)][39m
    },
    recoverFromStepError: [36m[AsyncFunction: recoverFromStepError][39m,
    complete: [36m[Function: complete][39m,
    endWallTime: [33m1758627138300[39m,
    error: {
      message: [32m'Error: \x1B[2mexpect(\x1B[22m\x1B[31mlocator\x1B[39m\x1B[2m).\x1B[22mtoBeVisible\x1B[2m()\x1B[22m failed\n'[39m +
        [32m'\n'[39m +
        [32m"Locator:  locator('#title')\n"[39m +
        [32m'Expected: visible\n'[39m +
        [32m'Received: <element(s) not found>\n'[39m +
        [32m'Timeout:  15000ms\n'[39m +
        [32m'\n'[39m +
        [32m'Call log:\n'[39m +
        [32m'\x1B[2m  - Expect "toBeVisible" with timeout 15000ms\x1B[22m\n'[39m +
        [32m"\x1B[2m  - waiting for locator('#title')\x1B[22m\n"[39m,
      stack: [32m'Error: \x1B[2mexpect(\x1B[22m\x1B[31mlocator\x1B[39m\x1B[2m).\x1B[22mtoBeVisible\x1B[2m()\x1B[22m failed\n'[39m +
        [32m'\n'[39m +
        [32m"Locator:  locator('#title')\n"[39m +
        [32m'Expected: visible\n'[39m +
        [32m'Received: <element(s) not found>\n'[39m +
        [32m'Timeout:  15000ms\n'[39m +
        [32m'\n'[39m +
        [32m'Call log:\n'[39m +
        [32m'\x1B[2m  - Expect "toBeVisible" with timeout 15000ms\x1B[22m\n'[39m +
        [32m"\x1B[2m  - waiting for locator('#title')\x1B[22m\n"[39m +
        [32m'\n'[39m +
        [32m'    at /Users/kakaogames/mento/tests/demo-login-flow.spec.ts:98:32'[39m,
      cause: [90mundefined[39m
    }
  }
}
]]>
</system-err>
</testcase>
<testcase name="데모 로그인 전체 플로우 테스트 › 4. 전체 플로우 통합 테스트" classname="demo-login-flow.spec.ts" time="30.884">
<failure message="demo-login-flow.spec.ts:139:7 4. 전체 플로우 통합 테스트" type="FAILURE">
<![CDATA[  [chromium] › demo-login-flow.spec.ts:139:7 › 데모 로그인 전체 플로우 테스트 › 4. 전체 플로우 통합 테스트 ────────────────

    Test timeout of 30000ms exceeded.

    Error: page.screenshot: Target page, context or browser has been closed

      196 |       console.error('테스트 실패:', error)
      197 |       // 실패 시 스크린샷 저장
    > 198 |       await page.screenshot({ path: 'integration-test-failure.png' })
          |                  ^
      199 |       throw error
      200 |     }
      201 |   })
        at /Users/kakaogames/mento/tests/demo-login-flow.spec.ts:198:18

    attachment #1: screenshot (image/png) ──────────────────────────────────────────────────────────
    ../test-results/demo-login-flow-데모-로그인-전체-플로우-테스트-4-전체-플로우-통합-테스트-chromium/test-failed-1.png
    ────────────────────────────────────────────────────────────────────────────────────────────────

    attachment #2: video (video/webm) ──────────────────────────────────────────────────────────────
    ../test-results/demo-login-flow-데모-로그인-전체-플로우-테스트-4-전체-플로우-통합-테스트-chromium/video.webm
    ────────────────────────────────────────────────────────────────────────────────────────────────

    Error Context: ../test-results/demo-login-flow-데모-로그인-전체-플로우-테스트-4-전체-플로우-통합-테스트-chromium/error-context.md
]]>
</failure>
<system-out>
<![CDATA[🔄 전체 플로우 통합 테스트 시작
✅ 1단계: 로그인 페이지 접근 완료
✅ 2단계: 데모 로그인 완료

[[ATTACHMENT|../test-results/demo-login-flow-데모-로그인-전체-플로우-테스트-4-전체-플로우-통합-테스트-chromium/test-failed-1.png]]

[[ATTACHMENT|../test-results/demo-login-flow-데모-로그인-전체-플로우-테스트-4-전체-플로우-통합-테스트-chromium/video.webm]]

[[ATTACHMENT|../test-results/demo-login-flow-데모-로그인-전체-플로우-테스트-4-전체-플로우-통합-테스트-chromium/error-context.md]]
]]>
</system-out>
<system-err>
<![CDATA[테스트 실패: page.waitForURL: Test timeout of 30000ms exceeded.
=========================== logs ===========================
waiting for navigation to "/questions" until "load"
============================================================
    at [90m/Users/kakaogames/mento/[39mtests/demo-login-flow.spec.ts:153:18 {
  [32mSymbol(step)[39m: {
    location: {
      file: [32m'/Users/kakaogames/mento/tests/demo-login-flow.spec.ts'[39m,
      line: [33m153[39m,
      column: [33m18[39m
    },
    category: [32m'pw:api'[39m,
    title: [32m'Wait for navigation'[39m,
    apiName: [32m'page.waitForURL'[39m,
    params: { info: [36m[Object][39m },
    group: [90mundefined[39m,
    stepId: [32m'pw:api@36'[39m,
    boxedStack: [90mundefined[39m,
    steps: [],
    attachmentIndices: [],
    info: TestStepInfoImpl {
      annotations: [],
      _testInfo: [36m[TestInfoImpl][39m,
      _stepId: [32m'pw:api@36'[39m,
      _title: [32m'Wait for navigation'[39m,
      _parentStep: [90mundefined[39m,
      skip: [36m[Function (anonymous)][39m
    },
    recoverFromStepError: [36m[AsyncFunction: recoverFromStepError][39m,
    complete: [36m[Function: complete][39m,
    endWallTime: [33m1758627148865[39m,
    error: {
      message: [32m'Error: page.waitForURL: Test timeout of 30000ms exceeded.\n'[39m +
        [32m'=========================== logs ===========================\n'[39m +
        [32m'waiting for navigation to "/questions" until "load"\n'[39m +
        [32m'============================================================'[39m,
      stack: [32m'Error: page.waitForURL: Test timeout of 30000ms exceeded.\n'[39m +
        [32m'=========================== logs ===========================\n'[39m +
        [32m'waiting for navigation to "/questions" until "load"\n'[39m +
        [32m'============================================================\n'[39m +
        [32m'    at /Users/kakaogames/mento/tests/demo-login-flow.spec.ts:153:18'[39m,
      cause: [90mundefined[39m
    }
  }
}
]]>
</system-err>
</testcase>
</testsuite>
</testsuites>