<testsuites id="" name="" tests="1" failures="1" skipped="0" errors="0" time="32.759971">
<testsuite name="demo-login-flow.spec.ts" timestamp="2025-09-01T04:25:24.515Z" hostname="chromium" tests="1" failures="1" skipped="0" time="30.644" errors="0">
<testcase name="ë°ëª¨ ë¡œê·¸ì¸ ì „ì²´ í”Œë¡œìš° í…ŒìŠ¤íŠ¸ â€º 3. ë°ëª¨ ë¡œê·¸ì¸ ìƒíƒœì—ì„œ ì§ˆë¬¸ ìž‘ì„± ë° ë“±ë¡" classname="demo-login-flow.spec.ts" time="30.644">
<failure message="demo-login-flow.spec.ts:71:7 3. ë°ëª¨ ë¡œê·¸ì¸ ìƒíƒœì—ì„œ ì§ˆë¬¸ ìž‘ì„± ë° ë“±ë¡" type="FAILURE">
<![CDATA[  [chromium] â€º demo-login-flow.spec.ts:71:7 â€º ë°ëª¨ ë¡œê·¸ì¸ ì „ì²´ í”Œë¡œìš° í…ŒìŠ¤íŠ¸ â€º 3. ë°ëª¨ ë¡œê·¸ì¸ ìƒíƒœì—ì„œ ì§ˆë¬¸ ìž‘ì„± ë° ë“±ë¡ â”€â”€â”€â”€â”€â”€â”€â”€

    Test timeout of 30000ms exceeded.

    Error: page.screenshot: Target page, context or browser has been closed

      132 |       console.error('í…ŒìŠ¤íŠ¸ ì‹¤íŒ¨:', error)
      133 |       // ì‹¤íŒ¨ ì‹œ ìŠ¤í¬ë¦°ìƒ· ì €ìž¥
    > 134 |       await page.screenshot({ path: 'test-failure.png' })
          |                  ^
      135 |       throw error
      136 |     }
      137 |   })
        at /Users/kakaogames/mento/tests/demo-login-flow.spec.ts:134:18

    attachment #1: screenshot (image/png) â”€â”€â”€â”€â”€â”€â”€â”€â”€â”€â”€â”€â”€â”€â”€â”€â”€â”€â”€â”€â”€â”€â”€â”€â”€â”€â”€â”€â”€â”€â”€â”€â”€â”€â”€â”€â”€â”€â”€â”€â”€â”€â”€â”€â”€â”€â”€â”€â”€â”€â”€â”€â”€â”€â”€â”€â”€â”€
    ../test-results/demo-login-flow-ë°ëª¨-ë¡œê·¸ì¸-ì „ì²´-í”Œë¡œìš°-í…ŒìŠ¤íŠ¸-3-ë°ëª¨-ë¡œê·¸ì¸-ìƒíƒœì—ì„œ-ì§ˆë¬¸-ìž‘ì„±-ë°-ë“±ë¡-chromium/test-failed-1.png
    â”€â”€â”€â”€â”€â”€â”€â”€â”€â”€â”€â”€â”€â”€â”€â”€â”€â”€â”€â”€â”€â”€â”€â”€â”€â”€â”€â”€â”€â”€â”€â”€â”€â”€â”€â”€â”€â”€â”€â”€â”€â”€â”€â”€â”€â”€â”€â”€â”€â”€â”€â”€â”€â”€â”€â”€â”€â”€â”€â”€â”€â”€â”€â”€â”€â”€â”€â”€â”€â”€â”€â”€â”€â”€â”€â”€â”€â”€â”€â”€â”€â”€â”€â”€â”€â”€â”€â”€â”€â”€â”€â”€â”€â”€â”€â”€

    attachment #2: video (video/webm) â”€â”€â”€â”€â”€â”€â”€â”€â”€â”€â”€â”€â”€â”€â”€â”€â”€â”€â”€â”€â”€â”€â”€â”€â”€â”€â”€â”€â”€â”€â”€â”€â”€â”€â”€â”€â”€â”€â”€â”€â”€â”€â”€â”€â”€â”€â”€â”€â”€â”€â”€â”€â”€â”€â”€â”€â”€â”€â”€â”€â”€â”€
    ../test-results/demo-login-flow-ë°ëª¨-ë¡œê·¸ì¸-ì „ì²´-í”Œë¡œìš°-í…ŒìŠ¤íŠ¸-3-ë°ëª¨-ë¡œê·¸ì¸-ìƒíƒœì—ì„œ-ì§ˆë¬¸-ìž‘ì„±-ë°-ë“±ë¡-chromium/video.webm
    â”€â”€â”€â”€â”€â”€â”€â”€â”€â”€â”€â”€â”€â”€â”€â”€â”€â”€â”€â”€â”€â”€â”€â”€â”€â”€â”€â”€â”€â”€â”€â”€â”€â”€â”€â”€â”€â”€â”€â”€â”€â”€â”€â”€â”€â”€â”€â”€â”€â”€â”€â”€â”€â”€â”€â”€â”€â”€â”€â”€â”€â”€â”€â”€â”€â”€â”€â”€â”€â”€â”€â”€â”€â”€â”€â”€â”€â”€â”€â”€â”€â”€â”€â”€â”€â”€â”€â”€â”€â”€â”€â”€â”€â”€â”€â”€

    Error Context: ../test-results/demo-login-flow-ë°ëª¨-ë¡œê·¸ì¸-ì „ì²´-í”Œë¡œìš°-í…ŒìŠ¤íŠ¸-3-ë°ëª¨-ë¡œê·¸ì¸-ìƒíƒœì—ì„œ-ì§ˆë¬¸-ìž‘ì„±-ë°-ë“±ë¡-chromium/error-context.md
]]>
</failure>
<system-out>
<![CDATA[ðŸš€ ì§ˆë¬¸ ìž‘ì„± ë° ë“±ë¡ í…ŒìŠ¤íŠ¸ ì‹œìž‘
âœ… 1. ë¡œê·¸ì¸ íŽ˜ì´ì§€ ì ‘ê·¼ ì™„ë£Œ

[[ATTACHMENT|../test-results/demo-login-flow-ë°ëª¨-ë¡œê·¸ì¸-ì „ì²´-í”Œë¡œìš°-í…ŒìŠ¤íŠ¸-3-ë°ëª¨-ë¡œê·¸ì¸-ìƒíƒœì—ì„œ-ì§ˆë¬¸-ìž‘ì„±-ë°-ë“±ë¡-chromium/test-failed-1.png]]

[[ATTACHMENT|../test-results/demo-login-flow-ë°ëª¨-ë¡œê·¸ì¸-ì „ì²´-í”Œë¡œìš°-í…ŒìŠ¤íŠ¸-3-ë°ëª¨-ë¡œê·¸ì¸-ìƒíƒœì—ì„œ-ì§ˆë¬¸-ìž‘ì„±-ë°-ë“±ë¡-chromium/video.webm]]

[[ATTACHMENT|../test-results/demo-login-flow-ë°ëª¨-ë¡œê·¸ì¸-ì „ì²´-í”Œë¡œìš°-í…ŒìŠ¤íŠ¸-3-ë°ëª¨-ë¡œê·¸ì¸-ìƒíƒœì—ì„œ-ì§ˆë¬¸-ìž‘ì„±-ë°-ë“±ë¡-chromium/error-context.md]]
]]>
</system-out>
<system-err>
<![CDATA[í…ŒìŠ¤íŠ¸ ì‹¤íŒ¨: locator.click: Test timeout of 30000ms exceeded.
Call log:
[2m  - waiting for locator('text=ë°ëª¨ë¡œ ë¡œê·¸ì¸')[22m

    at [90m/Users/kakaogames/mento/[39mtests/demo-login-flow.spec.ts:81:24 {
  [32mSymbol(step)[39m: {
    location: {
      file: [32m'/Users/kakaogames/mento/tests/demo-login-flow.spec.ts'[39m,
      line: [33m81[39m,
      column: [33m24[39m
    },
    category: [32m'pw:api'[39m,
    title: [32m"Click locator('text=ë°ëª¨ë¡œ ë¡œê·¸ì¸')"[39m,
    apiName: [32m'locator.click'[39m,
    params: { selector: [32m'text=ë°ëª¨ë¡œ ë¡œê·¸ì¸'[39m, strict: [33mtrue[39m, timeout: [33m0[39m },
    group: [90mundefined[39m,
    stepId: [32m'pw:api@35'[39m,
    boxedStack: [90mundefined[39m,
    steps: [],
    attachmentIndices: [],
    info: TestStepInfoImpl {
      annotations: [],
      _testInfo: [36m[TestInfoImpl][39m,
      _stepId: [32m'pw:api@35'[39m,
      _title: [32m"Click locator('text=ë°ëª¨ë¡œ ë¡œê·¸ì¸')"[39m,
      _parentStep: [90mundefined[39m,
      skip: [36m[Function (anonymous)][39m
    },
    recoverFromStepError: [36m[AsyncFunction: recoverFromStepError][39m,
    complete: [36m[Function: complete][39m,
    endWallTime: [33m1756700755612[39m,
    error: {
      message: [32m'Error: locator.click: Test timeout of 30000ms exceeded.\n'[39m +
        [32m'Call log:\n'[39m +
        [32m"\x1B[2m  - waiting for locator('text=ë°ëª¨ë¡œ ë¡œê·¸ì¸')\x1B[22m\n"[39m,
      stack: [32m'Error: locator.click: Test timeout of 30000ms exceeded.\n'[39m +
        [32m'Call log:\n'[39m +
        [32m"\x1B[2m  - waiting for locator('text=ë°ëª¨ë¡œ ë¡œê·¸ì¸')\x1B[22m\n"[39m +
        [32m'\n'[39m +
        [32m'    at /Users/kakaogames/mento/tests/demo-login-flow.spec.ts:81:24'[39m,
      cause: [90mundefined[39m
    }
  }
}
]]>
</system-err>
</testcase>
</testsuite>
</testsuites>